This job can be monitored from: https://scruffy.c3se.chalmers.se/d/alvis-job/alvis-job?var-jobid=1062216&from=1684228333000
INFO:    underlay of /etc/localtime required more than 50 (94) bind mounts
INFO:    underlay of /usr/share/lmod/lmod required more than 50 (59) bind mounts



##########################################################################
TRAIN DIST: LP
TEST DIST: LP

INPUT DATA:  /mimer/NOBACKUP/groups/snic2022-22-744/DATA/LP/prop_examples_all_cleaned_test.txt

PRED DATA:  /mimer/NOBACKUP/groups/snic2022-22-744/MODELS/LP/gen_step_by_step_rule_sampling/evaluation/checkpoint-9000_LP_LP_TEST_output.txt

GROUND TRUTH:  /mimer/NOBACKUP/groups/snic2022-22-744/DATA/LP/prop_examples_all_cleaned_test_step_labels.txt

Confusion matrix:
 [[14220     2]
 [    1 13777]]

Accuracy: 100.0
F1-score: 100.0

Total Fraction of consistent inference steps:  0.9995357142857143
Counter({'None': 27987, 'Hallucination': 10, 'Query Not In Fact': 2, 'Exist More Applicable Rules': 1})

DEPTH:  0
NR. SAMPLES:  3945
TP:  (28.66, 0, 113)
FP:  (16.5, 10, 23)
TN:  (17.5, 0, 95)
FN:  (0, inf, 0)
Rates: TP, FP, TN, FN
 [ 414.  1558.5]
Accuracy: 99.9
Fractions of consistent chains of inference steps: 0.9994930291508238

DEPTH:  1
NR. SAMPLES:  4054
TP:  (37.09, 3, 112)
FP:  (0, inf, 0)
TN:  (17.79, 1, 89)
FN:  (0, inf, 0)
Rates: TP, FP, TN, FN
 [ 456. 1571.]
Accuracy: 100.0
Fractions of consistent chains of inference steps: 0.9997533300444006

DEPTH:  2
NR. SAMPLES:  3973
TP:  (43.78, 4, 118)
FP:  (0, inf, 0)
TN:  (19.19, 2, 72)
FN:  (117.0, 117, 117)
Rates: TP, FP, TN, FN
 [ 796.  1190.5]
Accuracy: 100.0
Fractions of consistent chains of inference steps: 0.9994966020639315

DEPTH:  3
NR. SAMPLES:  4042
TP:  (47.82, 6, 116)
FP:  (0, inf, 0)
TN:  (22.27, 4, 86)
FN:  (0, inf, 0)
Rates: TP, FP, TN, FN
 [1128.  893.]
Accuracy: 100.0
Fractions of consistent chains of inference steps: 0.999752597723899

DEPTH:  4
NR. SAMPLES:  4007
TP:  (51.66, 8, 118)
FP:  (0, inf, 0)
TN:  (29.21, 5, 95)
FN:  (0, inf, 0)
Rates: TP, FP, TN, FN
 [1284.5  719. ]
Accuracy: 100.0
Fractions of consistent chains of inference steps: 0.999500873471425

DEPTH:  5
NR. SAMPLES:  3959
TP:  (53.49, 12, 118)
FP:  (0, inf, 0)
TN:  (36.01, 9, 93)
FN:  (0, inf, 0)
Rates: TP, FP, TN, FN
 [1437.5  542. ]
Accuracy: 100.0
Fractions of consistent chains of inference steps: 0.9994948219247285

DEPTH:  6
NR. SAMPLES:  4020
TP:  (55.15, 13, 118)
FP:  (0, inf, 0)
TN:  (42.8, 12, 103)
FN:  (0, inf, 0)
Rates: TP, FP, TN, FN
 [1594.5  415.5]
Accuracy: 100.0
Fractions of consistent chains of inference steps: 0.9992537313432835
Mean accuracy across depths: 100.0



##########################################################################
TRAIN DIST: LP
TEST DIST: RP

INPUT DATA:  /mimer/NOBACKUP/groups/snic2022-22-744/DATA/RP/prop_examples_all_cleaned_test.txt

PRED DATA:  /mimer/NOBACKUP/groups/snic2022-22-744/MODELS/LP/gen_step_by_step_rule_sampling/evaluation/checkpoint-9000_LP_RP_TEST_output.txt

GROUND TRUTH:  /mimer/NOBACKUP/groups/snic2022-22-744/DATA/RP/prop_examples_all_cleaned_test_step_labels.txt

Confusion matrix:
 [[13260    28]
 [    6 14706]]

Accuracy: 99.9
F1-score: 99.9

Total Fraction of consistent inference steps:  0.9931428571428571
Counter({'None': 27808, 'Hallucination': 185, 'Exist More Applicable Rules': 6, 'Query Not In Fact': 1})

DEPTH:  0
NR. SAMPLES:  3947
TP:  (35.15, 0, 120)
FP:  (2.0, 2, 2)
TN:  (15.41, 0, 105)
FN:  (0, inf, 0)
Rates: TP, FP, TN, FN
 [ 403.5 1570. ]
Accuracy: 100.0
Fractions of consistent chains of inference steps: 0.9994932860400304

DEPTH:  1
NR. SAMPLES:  4018
TP:  (45.12, 1, 120)
FP:  (27.0, 27, 27)
TN:  (18.54, 1, 78)
FN:  (0, inf, 0)
Rates: TP, FP, TN, FN
 [ 493.5 1515.5]
Accuracy: 100.0
Fractions of consistent chains of inference steps: 0.998755599800896

DEPTH:  2
NR. SAMPLES:  3986
TP:  (48.54, 2, 120)
FP:  (0, inf, 0)
TN:  (21.09, 2, 94)
FN:  (0, inf, 0)
Rates: TP, FP, TN, FN
 [ 693. 1300.]
Accuracy: 100.0
Fractions of consistent chains of inference steps: 0.9962368289011541

DEPTH:  3
NR. SAMPLES:  4065
TP:  (52.98, 4, 120)
FP:  (52.0, 52, 52)
TN:  (25.08, 4, 100)
FN:  (117.5, 116, 119)
Rates: TP, FP, TN, FN
 [ 939.5 1093. ]
Accuracy: 99.9
Fractions of consistent chains of inference steps: 0.9960639606396064

DEPTH:  4
NR. SAMPLES:  4073
TP:  (56.32, 6, 118)
FP:  (32.33, 23, 39)
TN:  (29.09, 5, 107)
FN:  (120.0, 120, 120)
Rates: TP, FP, TN, FN
 [1220.   816.5]
Accuracy: 99.9
Fractions of consistent chains of inference steps: 0.9928799410753744

DEPTH:  5
NR. SAMPLES:  3918
TP:  (60.39, 10, 119)
FP:  (49.67, 46, 56)
TN:  (34.94, 8, 100)
FN:  (117.5, 116, 119)
Rates: TP, FP, TN, FN
 [1374.5  584.5]
Accuracy: 99.9
Fractions of consistent chains of inference steps: 0.99055640632976

DEPTH:  6
NR. SAMPLES:  3993
TP:  (63.82, 9, 118)
FP:  (54.89, 29, 88)
TN:  (42.11, 11, 110)
FN:  (115.0, 115, 115)
Rates: TP, FP, TN, FN
 [1509.   487.5]
Accuracy: 99.5
Fractions of consistent chains of inference steps: 0.977961432506887
Mean accuracy across depths: 99.9



##########################################################################
TRAIN DIST: LP
TEST DIST: RP_10X

INPUT DATA:  /mimer/NOBACKUP/groups/snic2022-22-744/DATA/RP_10X/prop_examples_all_balanced_rulenum_cleaned_test.txt

PRED DATA:  /mimer/NOBACKUP/groups/snic2022-22-744/MODELS/LP/gen_step_by_step_rule_sampling/evaluation/checkpoint-9000_LP_RP_10X_TEST_output.txt

GROUND TRUTH:  /mimer/NOBACKUP/groups/snic2022-22-744/DATA/RP_10X/prop_examples_all_balanced_rulenum_cleaned_test_step_labels.txt

Confusion matrix:
 [[    0     0     0]
 [    1 13237    44]
 [    0     6 14712]]

Accuracy: 99.8
F1-score: 99.8

Total Fraction of consistent inference steps:  0.9911071428571429
Counter({'None': 27751, 'Hallucination': 243, 'Exist More Applicable Rules': 6})

DEPTH:  0
NR. SAMPLES:  4267
TP:  (30.38, 0, 118)
FP:  (0, inf, 0)
TN:  (22.06, 0, 118)
FN:  (0, inf, 0)
Rates: TP, FP, TN, FN
 [ 349.5 1784. ]
Accuracy: 100.0
Fractions of consistent chains of inference steps: 0.999531286618233

DEPTH:  1
NR. SAMPLES:  3979
TP:  (39.37, 1, 120)
FP:  (0, inf, 0)
TN:  (22.64, 1, 115)
FN:  (119.0, 119, 119)
Rates: TP, FP, TN, FN
 [ 448.5 1541. ]
Accuracy: 100.0
Fractions of consistent chains of inference steps: 0.9969841668760995

DEPTH:  2
NR. SAMPLES:  3946
TP:  (43.25, 2, 120)
FP:  (0, inf, 0)
TN:  (26.86, 2, 113)
FN:  (0, inf, 0)
Rates: TP, FP, TN, FN
 [3.33e-01 4.21e+02 8.94e+02]
Accuracy: 100.0
Fractions of consistent chains of inference steps: 0.998226051697922

DEPTH:  3
NR. SAMPLES:  3721
TP:  (47.75, 3, 120)
FP:  (81.67, 63, 100)
TN:  (29.35, 3, 107)
FN:  (113.0, 113, 113)
Rates: TP, FP, TN, FN
 [ 850.  1010.5]
Accuracy: 99.9
Fractions of consistent chains of inference steps: 0.9940876108572965

DEPTH:  4
NR. SAMPLES:  3761
TP:  (51.04, 4, 120)
FP:  (79.5, 77, 82)
TN:  (34.28, 4, 114)
FN:  (0, inf, 0)
Rates: TP, FP, TN, FN
 [1123.   757.5]
Accuracy: 99.9
Fractions of consistent chains of inference steps: 0.9917575113001861

DEPTH:  5
NR. SAMPLES:  3886
TP:  (55.35, 8, 118)
FP:  (62.38, 48, 76)
TN:  (41.21, 8, 111)
FN:  (115.0, 112, 118)
Rates: TP, FP, TN, FN
 [1402.  541.]
Accuracy: 99.7
Fractions of consistent chains of inference steps: 0.9840452907874421

DEPTH:  6
NR. SAMPLES:  4440
TP:  (61.41, 14, 119)
FP:  (58.26, 36, 85)
TN:  (49.78, 13, 111)
FN:  (117.5, 116, 119)
Rates: TP, FP, TN, FN
 [1817.  403.]
Accuracy: 99.3
Fractions of consistent chains of inference steps: 0.9745495495495495
Mean accuracy across depths: 99.8



##########################################################################
TRAIN DIST: RP
TEST DIST: LP

INPUT DATA:  /mimer/NOBACKUP/groups/snic2022-22-744/DATA/LP/prop_examples_all_cleaned_test.txt

PRED DATA:  /mimer/NOBACKUP/groups/snic2022-22-744/MODELS/RP/gen_step_by_step_rule_sampling/evaluation/checkpoint-7500_RP_LP_TEST_output.txt

GROUND TRUTH:  /mimer/NOBACKUP/groups/snic2022-22-744/DATA/LP/prop_examples_all_cleaned_test_step_labels.txt

Confusion matrix:
 [[14221     1]
 [    0 13778]]

Accuracy: 100.0
F1-score: 100.0

Total Fraction of consistent inference steps:  0.99975
Counter({'None': 27993, 'Hallucination': 5, 'Not Applicable Rule': 1, 'Query Not In Fact': 1})

DEPTH:  0
NR. SAMPLES:  3945
TP:  (28.66, 0, 113)
FP:  (23.0, 23, 23)
TN:  (17.49, 0, 95)
FN:  (0, inf, 0)
Rates: TP, FP, TN, FN
 [ 414.5 1558. ]
Accuracy: 100.0
Fractions of consistent chains of inference steps: 0.9997465145754119

DEPTH:  1
NR. SAMPLES:  4054
TP:  (37.09, 3, 112)
FP:  (0, inf, 0)
TN:  (17.79, 1, 89)
FN:  (0, inf, 0)
Rates: TP, FP, TN, FN
 [ 456. 1571.]
Accuracy: 100.0
Fractions of consistent chains of inference steps: 0.9990133201776024

DEPTH:  2
NR. SAMPLES:  3973
TP:  (43.81, 4, 118)
FP:  (0, inf, 0)
TN:  (19.19, 2, 72)
FN:  (0, inf, 0)
Rates: TP, FP, TN, FN
 [ 795.5 1191. ]
Accuracy: 100.0
Fractions of consistent chains of inference steps: 0.9997483010319658

DEPTH:  3
NR. SAMPLES:  4042
TP:  (47.82, 6, 116)
FP:  (0, inf, 0)
TN:  (22.27, 4, 86)
FN:  (0, inf, 0)
Rates: TP, FP, TN, FN
 [1128.  893.]
Accuracy: 100.0
Fractions of consistent chains of inference steps: 1.0

DEPTH:  4
NR. SAMPLES:  4007
TP:  (51.66, 8, 118)
FP:  (0, inf, 0)
TN:  (29.21, 5, 95)
FN:  (0, inf, 0)
Rates: TP, FP, TN, FN
 [1284.5  719. ]
Accuracy: 100.0
Fractions of consistent chains of inference steps: 1.0

DEPTH:  5
NR. SAMPLES:  3959
TP:  (53.49, 12, 118)
FP:  (0, inf, 0)
TN:  (36.01, 9, 93)
FN:  (0, inf, 0)
Rates: TP, FP, TN, FN
 [1437.5  542. ]
Accuracy: 100.0
Fractions of consistent chains of inference steps: 0.9997474109623642

DEPTH:  6
NR. SAMPLES:  4020
TP:  (55.15, 13, 118)
FP:  (0, inf, 0)
TN:  (42.8, 12, 103)
FN:  (0, inf, 0)
Rates: TP, FP, TN, FN
 [1594.5  415.5]
Accuracy: 100.0
Fractions of consistent chains of inference steps: 1.0
Mean accuracy across depths: 100.0



##########################################################################
TRAIN DIST: RP
TEST DIST: RP

INPUT DATA:  /mimer/NOBACKUP/groups/snic2022-22-744/DATA/RP/prop_examples_all_cleaned_test.txt

PRED DATA:  /mimer/NOBACKUP/groups/snic2022-22-744/MODELS/RP/gen_step_by_step_rule_sampling/evaluation/checkpoint-7500_RP_RP_TEST_output.txt

GROUND TRUTH:  /mimer/NOBACKUP/groups/snic2022-22-744/DATA/RP/prop_examples_all_cleaned_test_step_labels.txt

Confusion matrix:
 [[13288     0]
 [    1 14711]]

Accuracy: 100.0
F1-score: 100.0

Total Fraction of consistent inference steps:  0.9997142857142857
Counter({'None': 27992, 'Not Applicable Rule': 5, 'Hallucination': 2, 'Exist More Applicable Rules': 1})

DEPTH:  0
NR. SAMPLES:  3947
TP:  (35.15, 0, 120)
FP:  (0, inf, 0)
TN:  (15.4, 0, 105)
FN:  (0, inf, 0)
Rates: TP, FP, TN, FN
 [ 404.  1569.5]
Accuracy: 100.0
Fractions of consistent chains of inference steps: 1.0

DEPTH:  1
NR. SAMPLES:  4018
TP:  (45.12, 1, 120)
FP:  (0, inf, 0)
TN:  (18.55, 1, 78)
FN:  (0, inf, 0)
Rates: TP, FP, TN, FN
 [ 494. 1515.]
Accuracy: 100.0
Fractions of consistent chains of inference steps: 1.0

DEPTH:  2
NR. SAMPLES:  3986
TP:  (48.54, 2, 120)
FP:  (0, inf, 0)
TN:  (21.09, 2, 94)
FN:  (0, inf, 0)
Rates: TP, FP, TN, FN
 [ 693. 1300.]
Accuracy: 100.0
Fractions of consistent chains of inference steps: 1.0

DEPTH:  3
NR. SAMPLES:  4065
TP:  (53.04, 4, 120)
FP:  (0, inf, 0)
TN:  (25.09, 4, 100)
FN:  (0, inf, 0)
Rates: TP, FP, TN, FN
 [ 939.  1093.5]
Accuracy: 100.0
Fractions of consistent chains of inference steps: 0.9995079950799508

DEPTH:  4
NR. SAMPLES:  4073
TP:  (56.35, 6, 120)
FP:  (0, inf, 0)
TN:  (29.1, 5, 107)
FN:  (0, inf, 0)
Rates: TP, FP, TN, FN
 [1221.   815.5]
Accuracy: 100.0
Fractions of consistent chains of inference steps: 0.9995089614534741

DEPTH:  5
NR. SAMPLES:  3918
TP:  (60.49, 10, 119)
FP:  (0, inf, 0)
TN:  (34.96, 8, 100)
FN:  (0, inf, 0)
Rates: TP, FP, TN, FN
 [1375.  584.]
Accuracy: 100.0
Fractions of consistent chains of inference steps: 0.9992343032159265

DEPTH:  6
NR. SAMPLES:  3993
TP:  (63.82, 9, 118)
FP:  (0, inf, 0)
TN:  (42.19, 11, 110)
FN:  (115.0, 115, 115)
Rates: TP, FP, TN, FN
 [1518.5  478. ]
Accuracy: 100.0
Fractions of consistent chains of inference steps: 0.9997495617330328
Mean accuracy across depths: 100.0



##########################################################################
TRAIN DIST: RP
TEST DIST: RP_10X

INPUT DATA:  /mimer/NOBACKUP/groups/snic2022-22-744/DATA/RP_10X/prop_examples_all_balanced_rulenum_cleaned_test.txt

PRED DATA:  /mimer/NOBACKUP/groups/snic2022-22-744/MODELS/RP/gen_step_by_step_rule_sampling/evaluation/checkpoint-7500_RP_RP_10X_TEST_output.txt

GROUND TRUTH:  /mimer/NOBACKUP/groups/snic2022-22-744/DATA/RP_10X/prop_examples_all_balanced_rulenum_cleaned_test_step_labels.txt

Confusion matrix:
 [[13282     0]
 [    0 14718]]

Accuracy: 100.0
F1-score: 100.0

Total Fraction of consistent inference steps:  0.9996071428571428
Counter({'None': 27989, 'Hallucination': 6, 'Not Applicable Rule': 4, 'Query Not In Fact': 1})

DEPTH:  0
NR. SAMPLES:  4267
TP:  (30.38, 0, 118)
FP:  (0, inf, 0)
TN:  (22.06, 0, 118)
FN:  (0, inf, 0)
Rates: TP, FP, TN, FN
 [ 349.5 1784. ]
Accuracy: 100.0
Fractions of consistent chains of inference steps: 1.0

DEPTH:  1
NR. SAMPLES:  3979
TP:  (39.39, 1, 120)
FP:  (0, inf, 0)
TN:  (22.64, 1, 115)
FN:  (0, inf, 0)
Rates: TP, FP, TN, FN
 [ 448.  1541.5]
Accuracy: 100.0
Fractions of consistent chains of inference steps: 0.9992460417190249

DEPTH:  2
NR. SAMPLES:  3946
TP:  (43.25, 2, 120)
FP:  (0, inf, 0)
TN:  (26.87, 2, 113)
FN:  (0, inf, 0)
Rates: TP, FP, TN, FN
 [ 632. 1341.]
Accuracy: 100.0
Fractions of consistent chains of inference steps: 0.9994931576279777

DEPTH:  3
NR. SAMPLES:  3721
TP:  (47.78, 3, 120)
FP:  (0, inf, 0)
TN:  (29.45, 3, 107)
FN:  (0, inf, 0)
Rates: TP, FP, TN, FN
 [ 851.  1009.5]
Accuracy: 100.0
Fractions of consistent chains of inference steps: 0.999193765116904

DEPTH:  4
NR. SAMPLES:  3761
TP:  (51.04, 4, 120)
FP:  (0, inf, 0)
TN:  (34.32, 4, 114)
FN:  (0, inf, 0)
Rates: TP, FP, TN, FN
 [1124.   756.5]
Accuracy: 100.0
Fractions of consistent chains of inference steps: 0.999734113267748

DEPTH:  5
NR. SAMPLES:  3886
TP:  (55.46, 8, 118)
FP:  (0, inf, 0)
TN:  (41.27, 8, 111)
FN:  (0, inf, 0)
Rates: TP, FP, TN, FN
 [1405.  538.]
Accuracy: 100.0
Fractions of consistent chains of inference steps: 1.0

DEPTH:  6
NR. SAMPLES:  4440
TP:  (61.56, 14, 119)
FP:  (0, inf, 0)
TN:  (49.85, 13, 111)
FN:  (0, inf, 0)
Rates: TP, FP, TN, FN
 [1831.5  388.5]
Accuracy: 100.0
Fractions of consistent chains of inference steps: 0.9995495495495496
Mean accuracy across depths: 100.0



##########################################################################
TRAIN DIST: RP_10X
TEST DIST: LP

INPUT DATA:  /mimer/NOBACKUP/groups/snic2022-22-744/DATA/LP/prop_examples_all_cleaned_test.txt

PRED DATA:  /mimer/NOBACKUP/groups/snic2022-22-744/MODELS/RP_10X/gen_step_by_step_rule_sampling/evaluation/checkpoint-7500_RP_10X_LP_TEST_output.txt

GROUND TRUTH:  /mimer/NOBACKUP/groups/snic2022-22-744/DATA/LP/prop_examples_all_cleaned_test_step_labels.txt

Confusion matrix:
 [[14221     1]
 [    1 13777]]

Accuracy: 100.0
F1-score: 100.0

Total Fraction of consistent inference steps:  0.9998214285714285
Counter({'None': 27995, 'Hallucination': 3, 'Exist More Applicable Rules': 1, 'Query Not In Fact': 1})

DEPTH:  0
NR. SAMPLES:  3945
TP:  (28.66, 0, 113)
FP:  (23.0, 23, 23)
TN:  (17.49, 0, 95)
FN:  (0, inf, 0)
Rates: TP, FP, TN, FN
 [ 414.5 1558. ]
Accuracy: 100.0
Fractions of consistent chains of inference steps: 0.9997465145754119

DEPTH:  1
NR. SAMPLES:  4054
TP:  (37.09, 3, 112)
FP:  (0, inf, 0)
TN:  (17.79, 1, 89)
FN:  (0, inf, 0)
Rates: TP, FP, TN, FN
 [ 456. 1571.]
Accuracy: 100.0
Fractions of consistent chains of inference steps: 1.0

DEPTH:  2
NR. SAMPLES:  3973
TP:  (43.78, 4, 118)
FP:  (0, inf, 0)
TN:  (19.19, 2, 72)
FN:  (117.0, 117, 117)
Rates: TP, FP, TN, FN
 [ 796.  1190.5]
Accuracy: 100.0
Fractions of consistent chains of inference steps: 0.9994966020639315

DEPTH:  3
NR. SAMPLES:  4042
TP:  (47.82, 6, 116)
FP:  (0, inf, 0)
TN:  (22.27, 4, 86)
FN:  (0, inf, 0)
Rates: TP, FP, TN, FN
 [1128.  893.]
Accuracy: 100.0
Fractions of consistent chains of inference steps: 1.0

DEPTH:  4
NR. SAMPLES:  4007
TP:  (51.66, 8, 118)
FP:  (0, inf, 0)
TN:  (29.21, 5, 95)
FN:  (0, inf, 0)
Rates: TP, FP, TN, FN
 [1284.5  719. ]
Accuracy: 100.0
Fractions of consistent chains of inference steps: 1.0

DEPTH:  5
NR. SAMPLES:  3959
TP:  (53.49, 12, 118)
FP:  (0, inf, 0)
TN:  (36.01, 9, 93)
FN:  (0, inf, 0)
Rates: TP, FP, TN, FN
 [1437.5  542. ]
Accuracy: 100.0
Fractions of consistent chains of inference steps: 0.9994948219247285

DEPTH:  6
NR. SAMPLES:  4020
TP:  (55.15, 13, 118)
FP:  (0, inf, 0)
TN:  (42.8, 12, 103)
FN:  (0, inf, 0)
Rates: TP, FP, TN, FN
 [1594.5  415.5]
Accuracy: 100.0
Fractions of consistent chains of inference steps: 1.0
Mean accuracy across depths: 100.0



##########################################################################
TRAIN DIST: RP_10X
TEST DIST: RP

INPUT DATA:  /mimer/NOBACKUP/groups/snic2022-22-744/DATA/RP/prop_examples_all_cleaned_test.txt

PRED DATA:  /mimer/NOBACKUP/groups/snic2022-22-744/MODELS/RP_10X/gen_step_by_step_rule_sampling/evaluation/checkpoint-7500_RP_10X_RP_TEST_output.txt

GROUND TRUTH:  /mimer/NOBACKUP/groups/snic2022-22-744/DATA/RP/prop_examples_all_cleaned_test_step_labels.txt

Confusion matrix:
 [[13286     2]
 [    3 14709]]

Accuracy: 100.0
F1-score: 100.0

Total Fraction of consistent inference steps:  0.9993928571428572
Counter({'None': 27983, 'Hallucination': 9, 'Exist More Applicable Rules': 3, 'Not Applicable Rule': 3, 'Query Not In Fact': 2})

DEPTH:  0
NR. SAMPLES:  3947
TP:  (35.15, 0, 120)
FP:  (2.0, 2, 2)
TN:  (15.43, 0, 105)
FN:  (0, inf, 0)
Rates: TP, FP, TN, FN
 [ 403.  1570.5]
Accuracy: 99.9
Fractions of consistent chains of inference steps: 0.9994932860400304

DEPTH:  1
NR. SAMPLES:  4018
TP:  (45.12, 1, 120)
FP:  (0, inf, 0)
TN:  (18.55, 1, 78)
FN:  (0, inf, 0)
Rates: TP, FP, TN, FN
 [ 494. 1515.]
Accuracy: 100.0
Fractions of consistent chains of inference steps: 0.9997511199601792

DEPTH:  2
NR. SAMPLES:  3986
TP:  (48.54, 2, 120)
FP:  (0, inf, 0)
TN:  (21.09, 2, 94)
FN:  (0, inf, 0)
Rates: TP, FP, TN, FN
 [ 693. 1300.]
Accuracy: 100.0
Fractions of consistent chains of inference steps: 0.9997491219267436

DEPTH:  3
NR. SAMPLES:  4065
TP:  (53.04, 4, 120)
FP:  (0, inf, 0)
TN:  (25.09, 4, 100)
FN:  (0, inf, 0)
Rates: TP, FP, TN, FN
 [ 939.  1093.5]
Accuracy: 100.0
Fractions of consistent chains of inference steps: 0.998769987699877

DEPTH:  4
NR. SAMPLES:  4073
TP:  (56.32, 6, 118)
FP:  (0, inf, 0)
TN:  (29.1, 5, 107)
FN:  (120.0, 120, 120)
Rates: TP, FP, TN, FN
 [1221.5  815. ]
Accuracy: 100.0
Fractions of consistent chains of inference steps: 0.999754480726737

DEPTH:  5
NR. SAMPLES:  3918
TP:  (60.44, 10, 119)
FP:  (0, inf, 0)
TN:  (34.96, 8, 100)
FN:  (116.0, 116, 116)
Rates: TP, FP, TN, FN
 [1375.5  583.5]
Accuracy: 100.0
Fractions of consistent chains of inference steps: 0.9987238386932108

DEPTH:  6
NR. SAMPLES:  3993
TP:  (63.82, 9, 118)
FP:  (0, inf, 0)
TN:  (42.19, 11, 110)
FN:  (115.0, 115, 115)
Rates: TP, FP, TN, FN
 [1518.5  478. ]
Accuracy: 100.0
Fractions of consistent chains of inference steps: 0.9994991234660656
Mean accuracy across depths: 100.0



##########################################################################
TRAIN DIST: RP_10X
TEST DIST: RP_10X

INPUT DATA:  /mimer/NOBACKUP/groups/snic2022-22-744/DATA/RP_10X/prop_examples_all_balanced_rulenum_cleaned_test.txt

PRED DATA:  /mimer/NOBACKUP/groups/snic2022-22-744/MODELS/RP_10X/gen_step_by_step_rule_sampling/evaluation/checkpoint-7500_RP_10X_RP_10X_TEST_output.txt

GROUND TRUTH:  /mimer/NOBACKUP/groups/snic2022-22-744/DATA/RP_10X/prop_examples_all_balanced_rulenum_cleaned_test_step_labels.txt

Confusion matrix:
 [[13282     0]
 [    1 14717]]

Accuracy: 100.0
F1-score: 100.0

Total Fraction of consistent inference steps:  0.9996071428571428
Counter({'None': 27989, 'Hallucination': 7, 'Not Applicable Rule': 2, 'Exist More Applicable Rules': 1, 'Query Not In Fact': 1})

DEPTH:  0
NR. SAMPLES:  4267
TP:  (30.38, 0, 118)
FP:  (0, inf, 0)
TN:  (22.06, 0, 118)
FN:  (0, inf, 0)
Rates: TP, FP, TN, FN
 [ 349.5 1784. ]
Accuracy: 100.0
Fractions of consistent chains of inference steps: 1.0

DEPTH:  1
NR. SAMPLES:  3979
TP:  (39.39, 1, 120)
FP:  (0, inf, 0)
TN:  (22.64, 1, 115)
FN:  (0, inf, 0)
Rates: TP, FP, TN, FN
 [ 448.  1541.5]
Accuracy: 100.0
Fractions of consistent chains of inference steps: 0.9987434028650415

DEPTH:  2
NR. SAMPLES:  3946
TP:  (43.25, 2, 120)
FP:  (0, inf, 0)
TN:  (26.87, 2, 113)
FN:  (0, inf, 0)
Rates: TP, FP, TN, FN
 [ 632. 1341.]
Accuracy: 100.0
Fractions of consistent chains of inference steps: 0.9997465788139889

DEPTH:  3
NR. SAMPLES:  3721
TP:  (47.78, 3, 120)
FP:  (0, inf, 0)
TN:  (29.45, 3, 107)
FN:  (0, inf, 0)
Rates: TP, FP, TN, FN
 [ 851.  1009.5]
Accuracy: 100.0
Fractions of consistent chains of inference steps: 1.0

DEPTH:  4
NR. SAMPLES:  3761
TP:  (51.04, 4, 120)
FP:  (0, inf, 0)
TN:  (34.32, 4, 114)
FN:  (0, inf, 0)
Rates: TP, FP, TN, FN
 [1124.   756.5]
Accuracy: 100.0
Fractions of consistent chains of inference steps: 0.9994682265354958

DEPTH:  5
NR. SAMPLES:  3886
TP:  (55.4, 8, 118)
FP:  (0, inf, 0)
TN:  (41.27, 8, 111)
FN:  (118.0, 118, 118)
Rates: TP, FP, TN, FN
 [1405.5  537.5]
Accuracy: 100.0
Fractions of consistent chains of inference steps: 0.9997426659804426

DEPTH:  6
NR. SAMPLES:  4440
TP:  (61.56, 14, 119)
FP:  (0, inf, 0)
TN:  (49.85, 13, 111)
FN:  (0, inf, 0)
Rates: TP, FP, TN, FN
 [1831.5  388.5]
Accuracy: 100.0
Fractions of consistent chains of inference steps: 0.9995495495495496
Mean accuracy across depths: 100.0

LATEX FORMATTING
LP & LP & 99.9 & 100.0 & 100.0 & 100.0 & 100.0 & 100.0 & 100.0 & 100.0 \\ \hline
LP & RP & 100.0 & 100.0 & 100.0 & 99.9 & 99.9 & 99.9 & 99.5 & 99.9 \\ \hline
LP & RP_10X & 100.0 & 100.0 & 100.0 & 99.9 & 99.9 & 99.7 & 99.3 & 99.8 \\ \hline
RP & LP & 100.0 & 100.0 & 100.0 & 100.0 & 100.0 & 100.0 & 100.0 & 100.0 \\ \hline
RP & RP & 100.0 & 100.0 & 100.0 & 100.0 & 100.0 & 100.0 & 100.0 & 100.0 \\ \hline
RP & RP_10X & 100.0 & 100.0 & 100.0 & 100.0 & 100.0 & 100.0 & 100.0 & 100.0 \\ \hline
RP_10X & LP & 100.0 & 100.0 & 100.0 & 100.0 & 100.0 & 100.0 & 100.0 & 100.0 \\ \hline
RP_10X & RP & 99.9 & 100.0 & 100.0 & 100.0 & 100.0 & 100.0 & 100.0 & 100.0 \\ \hline
RP_10X & RP_10X & 100.0 & 100.0 & 100.0 & 100.0 & 100.0 & 100.0 & 100.0 & 100.0 \\ \hline
{'Model': 'LP', 'Data': 'LP', 'Consistent proofs': 0.9995357142857143}
{'Model': 'LP', 'Data': 'RP', 'Consistent proofs': 0.9931428571428571}
{'Model': 'LP', 'Data': 'RP_10X', 'Consistent proofs': 0.9911071428571429}
{'Model': 'RP', 'Data': 'LP', 'Consistent proofs': 0.99975}
{'Model': 'RP', 'Data': 'RP', 'Consistent proofs': 0.9997142857142857}
{'Model': 'RP', 'Data': 'RP_10X', 'Consistent proofs': 0.9996071428571428}
{'Model': 'RP_10X', 'Data': 'LP', 'Consistent proofs': 0.9998214285714285}
{'Model': 'RP_10X', 'Data': 'RP', 'Consistent proofs': 0.9993928571428572}
{'Model': 'RP_10X', 'Data': 'RP_10X', 'Consistent proofs': 0.9996071428571428}
